d:\github\cbr-cs-a\pokemon final\model\release\vc140.pdb
d:\github\cbr-cs-a\pokemon final\model\release\tests.obj
d:\github\cbr-cs-a\pokemon final\model\release\pokemonpikachu.obj
d:\github\cbr-cs-a\pokemon final\model\release\pokemonmove.obj
d:\github\cbr-cs-a\pokemon final\model\release\pokemonmareep.obj
d:\github\cbr-cs-a\pokemon final\model\release\pokemonmagikarp.obj
d:\github\cbr-cs-a\pokemon final\model\release\pokemonbase.obj
d:\github\cbr-cs-a\pokemon final\model\release\playerrandom.obj
d:\github\cbr-cs-a\pokemon final\model\release\playerdeterministic.obj
d:\github\cbr-cs-a\pokemon final\model\release\playerconsole.obj
d:\github\cbr-cs-a\pokemon final\model\release\playercbr.obj
d:\github\cbr-cs-a\pokemon final\model\release\player.obj
d:\github\cbr-cs-a\pokemon final\model\release\main.obj
d:\github\cbr-cs-a\pokemon final\model\release\gameinstance.obj
d:\github\cbr-cs-a\pokemon final\release\model.exe
d:\github\cbr-cs-a\pokemon final\release\model.pdb
d:\github\cbr-cs-a\pokemon final\model\release\model.vcxprojresolveassemblyreference.cache
d:\github\cbr-cs-a\pokemon final\model\release\model.tlog\cl.command.1.tlog
d:\github\cbr-cs-a\pokemon final\model\release\model.tlog\cl.read.1.tlog
d:\github\cbr-cs-a\pokemon final\model\release\model.tlog\cl.write.1.tlog
d:\github\cbr-cs-a\pokemon final\model\release\model.tlog\link.command.1.tlog
d:\github\cbr-cs-a\pokemon final\model\release\model.tlog\link.read.1.tlog
d:\github\cbr-cs-a\pokemon final\model\release\model.tlog\link.write.1.tlog
