  CBRCase.cpp
  CBRCaseBase.cpp
CBRCaseBase.cpp(34): warning C4244: 'initializing': conversion from 'double' to 'int', possible loss of data
  CBRCaseBaseLinear.cpp
CBRCaseBaseLinear.cpp(11): warning C4018: '<': signed/unsigned mismatch
CBRCaseBaseLinear.cpp(20): warning C4018: '<': signed/unsigned mismatch
CBRCaseBaseLinear.cpp(36): warning C4244: 'argument': conversion from 'int' to 'float', possible loss of data
CBRCaseBaseLinear.cpp(62): warning C4018: '<': signed/unsigned mismatch
CBRCaseBaseLinear.cpp(75): warning C4018: '<': signed/unsigned mismatch
  CBREnviroment.cpp
  CBRInstance.cpp
CBRInstance.cpp(79): warning C4018: '<': signed/unsigned mismatch
CBRInstance.cpp(98): warning C4018: '<': signed/unsigned mismatch
CBRInstance.cpp(104): warning C4305: 'initializing': truncation from 'int' to 'float'
  CBRWeights.cpp
CBRWeights.cpp(29): warning C4244: '+=': conversion from 'double' to 'float', possible loss of data
CBRWeights.cpp(30): warning C4244: '+=': conversion from 'double' to 'float', possible loss of data
CBRWeights.cpp(32): warning C4244: '+=': conversion from 'double' to 'float', possible loss of data
CBRWeights.cpp(33): warning C4244: '+=': conversion from 'double' to 'float', possible loss of data
CBRWeights.cpp(34): warning C4244: '+=': conversion from 'double' to 'float', possible loss of data
CBRWeights.cpp(35): warning C4244: '+=': conversion from 'double' to 'float', possible loss of data
CBRWeights.cpp(36): warning C4244: '+=': conversion from 'double' to 'float', possible loss of data
CBRWeights.cpp(37): warning C4244: '+=': conversion from 'double' to 'float', possible loss of data
  main.cpp
  Pokemon Final.vcxproj -> D:\Github\CBR-CS-A\Pokemon Final\Release\Pokemon Final.lib
