d:\github\cbr-cs-a\pokemon final\pokemon final\release\vc140.pdb
d:\github\cbr-cs-a\pokemon final\pokemon final\release\main.obj
d:\github\cbr-cs-a\pokemon final\pokemon final\release\cbrinstance.obj
d:\github\cbr-cs-a\pokemon final\pokemon final\release\cbrenviroment.obj
d:\github\cbr-cs-a\pokemon final\pokemon final\release\cbrcasebaselinear.obj
d:\github\cbr-cs-a\pokemon final\pokemon final\release\cbrcasebase.obj
d:\github\cbr-cs-a\pokemon final\pokemon final\release\cbrcase.obj
d:\github\cbr-cs-a\pokemon final\pokemon final\release\cbrweights.obj
d:\github\cbr-cs-a\pokemon final\pokemon final\release\pokemon final.pdb
d:\github\cbr-cs-a\pokemon final\release\pokemon final.lib
d:\github\cbr-cs-a\pokemon final\release\pokemon final.pdb
d:\github\cbr-cs-a\pokemon final\pokemon final\release\pokemon final.tlog\cl.command.1.tlog
d:\github\cbr-cs-a\pokemon final\pokemon final\release\pokemon final.tlog\cl.read.1.tlog
d:\github\cbr-cs-a\pokemon final\pokemon final\release\pokemon final.tlog\cl.write.1.tlog
d:\github\cbr-cs-a\pokemon final\pokemon final\release\pokemon final.tlog\lib-link.read.1.tlog
d:\github\cbr-cs-a\pokemon final\pokemon final\release\pokemon final.tlog\lib-link.write.1.tlog
d:\github\cbr-cs-a\pokemon final\pokemon final\release\pokemon final.tlog\lib.command.1.tlog
d:\github\cbr-cs-a\pokemon final\pokemon final\release\pokemon final.tlog\link.command.1.tlog
d:\github\cbr-cs-a\pokemon final\pokemon final\release\pokemon final.tlog\link.read.1.tlog
d:\github\cbr-cs-a\pokemon final\pokemon final\release\pokemon final.tlog\link.write.1.tlog
