d:\github\cbr-cs-a\pokemon final\model\debug\vc140.pdb
d:\github\cbr-cs-a\pokemon final\model\debug\vc140.idb
d:\github\cbr-cs-a\pokemon final\model\debug\gameinstance.obj
d:\github\cbr-cs-a\pokemon final\model\debug\main.obj
d:\github\cbr-cs-a\pokemon final\model\debug\player.obj
d:\github\cbr-cs-a\pokemon final\model\debug\playercbr.obj
d:\github\cbr-cs-a\pokemon final\model\debug\playerconsole.obj
d:\github\cbr-cs-a\pokemon final\model\debug\playerrandom.obj
d:\github\cbr-cs-a\pokemon final\model\debug\pokemonbase.obj
d:\github\cbr-cs-a\pokemon final\model\debug\pokemonmagikarp.obj
d:\github\cbr-cs-a\pokemon final\model\debug\pokemonmove.obj
d:\github\cbr-cs-a\pokemon final\model\debug\pokemonpikachu.obj
d:\github\cbr-cs-a\pokemon final\model\debug\tests.obj
d:\github\cbr-cs-a\pokemon final\model\debug\playerdeterministic.obj
d:\github\cbr-cs-a\pokemon final\debug\model.ilk
d:\github\cbr-cs-a\pokemon final\debug\model.exe
d:\github\cbr-cs-a\pokemon final\debug\model.pdb
d:\github\cbr-cs-a\pokemon final\model\debug\model.vcxprojresolveassemblyreference.cache
d:\github\cbr-cs-a\pokemon final\model\debug\gameinstance.obj.enc
d:\github\cbr-cs-a\pokemon final\model\debug\main.obj.enc
d:\github\cbr-cs-a\pokemon final\model\debug\model.tlog\cl.command.1.tlog
d:\github\cbr-cs-a\pokemon final\model\debug\model.tlog\cl.read.1.tlog
d:\github\cbr-cs-a\pokemon final\model\debug\model.tlog\cl.write.1.tlog
d:\github\cbr-cs-a\pokemon final\model\debug\model.tlog\link.command.1.tlog
d:\github\cbr-cs-a\pokemon final\model\debug\model.tlog\link.read.1.tlog
d:\github\cbr-cs-a\pokemon final\model\debug\model.tlog\link.write.1.tlog
